Unable to capture context for thread 20636 in process 20620, can not generate back trace
Exception at PC 0x00007FFB332BBB93
Printing stacktrace...

Exception at PC 0x00007FFBA44FA388
Exception at PC 0x00007FFBA44FA388
Exception at PC 0x00007FFBA44FA388
Exception at PC 0x00007FFBA44FA388
Exception at PC 0x00007FFBA44FA388
Exception at PC 0x00007FFBA44FA388
Exception at PC 0x00007FFBA44FA388
Exception at PC 0x00007FFBA44FA388
Exception at PC 0x00007FFBA44FA388
Exception at PC 0x00007FFBA44FA388
Exception at PC 0x00007FFBA44FA388
Exception at PC 0x00007FFBA44FA388
Exception at PC 0x00007FFBA44FA388
Exception at PC 0x00007FFBA44FA388
[0]  [0x00007FFB332BBB93]
[1]  [0x00007FFB332BBB93]
[2]  [0x00007FFB332BB4A1]
[3]  [0x00007FFB332BB3EF]
[4]  [0x00007FFB332A19FE]
[5]  [0x00007FFB332A0ED1]
[6]  [0x00007FFB332A0D76]
[7]  [0x00007FFB332479F6]
[8]  [0x00007FFB33237AFB]
[9]  [0x00007FFB3335E90A]
[10]  [0x00007FFB33379F87]
[11]  [0x00007FFB3337A05F]
[12] (BaseThreadInitThunk+0x14) [0x00007FFBA56A3DC4]
[13] (RtlUserThreadStart+0x21) [0x00007FFBA7EF3691]
Done
Exception at PC 0x00007FFBA44FA388
Exception at PC 0x00007FFBA44FA388
Exception at PC 0x00007FFBA44FA388
Exception at PC 0x00007FFBA44FA388
Exception at PC 0x00007FFBA44FA388
Exception at PC 0x00007FFBA44FA388
Exception at PC 0x00007FFBA44FA388
